0 info it worked if it ends with ok
1 verbose cli [ 'node', '/usr/local/bin/npm', 'run', 'app' ]
2 info using npm@3.6.0
3 info using node@v0.10.25
4 verbose node symlink /usr/bin/node
5 verbose run-script [ 'preapp', 'app', 'postapp' ]
6 info lifecycle node-api-poc@1.0.0~preapp: node-api-poc@1.0.0
7 silly lifecycle node-api-poc@1.0.0~preapp: no script for preapp, continuing
8 info lifecycle node-api-poc@1.0.0~app: node-api-poc@1.0.0
9 verbose lifecycle node-api-poc@1.0.0~app: unsafe-perm in lifecycle true
10 verbose lifecycle node-api-poc@1.0.0~app: PATH: /usr/local/lib/node_modules/npm/bin/node-gyp-bin:/home/espen/Source/Hackathon/BIT-Vice/node_modules/.bin:/usr/local/sbin:/usr/local/bin:/usr/sbin:/usr/bin:/sbin:/bin:/usr/games:/usr/local/games
11 verbose lifecycle node-api-poc@1.0.0~app: CWD: /home/espen/Source/Hackathon/BIT-Vice
12 silly lifecycle node-api-poc@1.0.0~app: Args: [ '-c', 'node app.js' ]
13 silly lifecycle node-api-poc@1.0.0~app: Returned: code: 8  signal: null
14 info lifecycle node-api-poc@1.0.0~app: Failed to exec app script
15 verbose stack Error: node-api-poc@1.0.0 app: `node app.js`
15 verbose stack Exit status 8
15 verbose stack     at EventEmitter.<anonymous> (/usr/local/lib/node_modules/npm/lib/utils/lifecycle.js:232:16)
15 verbose stack     at EventEmitter.emit (events.js:98:17)
15 verbose stack     at ChildProcess.<anonymous> (/usr/local/lib/node_modules/npm/lib/utils/spawn.js:24:14)
15 verbose stack     at ChildProcess.EventEmitter.emit (events.js:98:17)
15 verbose stack     at maybeClose (child_process.js:743:16)
15 verbose stack     at Process.ChildProcess._handle.onexit (child_process.js:810:5)
16 verbose pkgid node-api-poc@1.0.0
17 verbose cwd /home/espen/Source/Hackathon/BIT-Vice
18 error Linux 4.2.0-30-generic
19 error argv "node" "/usr/local/bin/npm" "run" "app"
20 error node v0.10.25
21 error npm  v3.6.0
22 error code ELIFECYCLE
23 error node-api-poc@1.0.0 app: `node app.js`
23 error Exit status 8
24 error Failed at the node-api-poc@1.0.0 app script 'node app.js'.
24 error Make sure you have the latest version of node.js and npm installed.
24 error If you do, this is most likely a problem with the node-api-poc package,
24 error not with npm itself.
24 error Tell the author that this fails on your system:
24 error     node app.js
24 error You can get information on how to open an issue for this project with:
24 error     npm bugs node-api-poc
24 error Or if that isn't available, you can get their info via:
24 error     npm owner ls node-api-poc
24 error There is likely additional logging output above.
25 verbose exit [ 1, true ]
